08-Mar-2022 11:23:31.707 INFO [main] org.apache.catalina.startup.VersionLoggerListener.log Server version name:   Apache Tomcat/@VERSION@
08-Mar-2022 11:23:31.712 INFO [main] org.apache.catalina.startup.VersionLoggerListener.log Server built:          @VERSION_BUILT@
08-Mar-2022 11:23:31.713 INFO [main] org.apache.catalina.startup.VersionLoggerListener.log Server version number: @VERSION_NUMBER@
08-Mar-2022 11:23:31.713 INFO [main] org.apache.catalina.startup.VersionLoggerListener.log OS Name:               Mac OS X
08-Mar-2022 11:23:31.713 INFO [main] org.apache.catalina.startup.VersionLoggerListener.log OS Version:            10.16
08-Mar-2022 11:23:31.713 INFO [main] org.apache.catalina.startup.VersionLoggerListener.log Architecture:          x86_64
08-Mar-2022 11:23:31.713 INFO [main] org.apache.catalina.startup.VersionLoggerListener.log Java Home:             /Users/h_vk/Documents/Repository/.sdkman/candidates/java/8.0.312-zulu/zulu-8.jdk/Contents/Home/jre
08-Mar-2022 11:23:31.713 INFO [main] org.apache.catalina.startup.VersionLoggerListener.log JVM Version:           1.8.0_312-b07
08-Mar-2022 11:23:31.713 INFO [main] org.apache.catalina.startup.VersionLoggerListener.log JVM Vendor:            Azul Systems, Inc.
08-Mar-2022 11:23:31.713 INFO [main] org.apache.catalina.startup.VersionLoggerListener.log CATALINA_BASE:         /Users/h_vk/Documents/OpenSource/tomcat-8.5.73
08-Mar-2022 11:23:31.713 INFO [main] org.apache.catalina.startup.VersionLoggerListener.log CATALINA_HOME:         /Users/h_vk/Documents/OpenSource/tomcat-8.5.73
08-Mar-2022 11:23:31.714 INFO [main] org.apache.catalina.startup.VersionLoggerListener.log Command line argument: -Dcatalina.home=/Users/h_vk/Documents/OpenSource/tomcat-8.5.73
08-Mar-2022 11:23:31.714 INFO [main] org.apache.catalina.startup.VersionLoggerListener.log Command line argument: -Dcatalina.base=/Users/h_vk/Documents/OpenSource/tomcat-8.5.73
08-Mar-2022 11:23:31.715 INFO [main] org.apache.catalina.startup.VersionLoggerListener.log Command line argument: -Djava.endorsed.dirs=/Users/h_vk/Documents/OpenSource/tomcat-8.5.73/endorsed
08-Mar-2022 11:23:31.715 INFO [main] org.apache.catalina.startup.VersionLoggerListener.log Command line argument: -Djava.io.tmpdir=/Users/h_vk/Documents/OpenSource/tomcat-8.5.73/temp
08-Mar-2022 11:23:31.715 INFO [main] org.apache.catalina.startup.VersionLoggerListener.log Command line argument: -Djava.util.logging.manager=org.apache.juli.ClassLoaderLogManager
08-Mar-2022 11:23:31.715 INFO [main] org.apache.catalina.startup.VersionLoggerListener.log Command line argument: -Djava.util.logging.config.file=/Users/h_vk/Documents/OpenSource/tomcat-8.5.73/conf/logging.properties
08-Mar-2022 11:23:31.715 INFO [main] org.apache.catalina.startup.VersionLoggerListener.log Command line argument: -Duser.language=en
08-Mar-2022 11:23:31.715 INFO [main] org.apache.catalina.startup.VersionLoggerListener.log Command line argument: -Duser.region=US
08-Mar-2022 11:23:31.715 INFO [main] org.apache.catalina.startup.VersionLoggerListener.log Command line argument: -javaagent:/Users/h_vk/Library/Application Support/JetBrains/Toolbox/apps/IDEA-U/ch-0/213.6777.52/IntelliJ IDEA.app/Contents/lib/idea_rt.jar=59166:/Users/h_vk/Library/Application Support/JetBrains/Toolbox/apps/IDEA-U/ch-0/213.6777.52/IntelliJ IDEA.app/Contents/bin
08-Mar-2022 11:23:31.716 INFO [main] org.apache.catalina.startup.VersionLoggerListener.log Command line argument: -Dfile.encoding=UTF-8
08-Mar-2022 11:23:31.716 INFO [main] org.apache.catalina.core.AprLifecycleListener.lifecycleEvent The Apache Tomcat Native library which allows using OpenSSL was not found on the java.library.path: [/Users/h_vk/Library/Java/Extensions:/Library/Java/Extensions:/Network/Library/Java/Extensions:/System/Library/Java/Extensions:/usr/lib/java:.]
08-Mar-2022 11:23:31.909 INFO [main] org.apache.coyote.AbstractProtocol.init Initializing ProtocolHandler ["http-nio-8080"]
08-Mar-2022 11:23:31.928 INFO [main] org.apache.tomcat.util.net.NioSelectorPool.getSharedSelector Using a shared selector for servlet write/read
08-Mar-2022 11:23:31.960 INFO [main] org.apache.catalina.startup.Catalina.load Initialization processed in 877 ms
08-Mar-2022 11:23:32.103 INFO [main] org.apache.catalina.core.StandardService.startInternal Starting service [Catalina]
08-Mar-2022 11:23:32.103 INFO [main] org.apache.catalina.core.StandardEngine.startInternal Starting Servlet engine: [Apache Tomcat/@VERSION@]
08-Mar-2022 11:23:32.115 INFO [localhost-startStop-1] org.apache.catalina.startup.HostConfig.deployDirectory Deploying web application directory [/Users/h_vk/Documents/OpenSource/tomcat-8.5.73/webapps/docs]
08-Mar-2022 11:23:32.443 INFO [localhost-startStop-1] org.apache.jasper.servlet.TldScanner.scanJars At least one JAR was scanned for TLDs yet contained no TLDs. Enable debug logging for this logger for a complete list of JARs that were scanned but no TLDs were found in them. Skipping unneeded JARs during scanning can improve startup time and JSP compilation time.
08-Mar-2022 11:23:32.479 INFO [localhost-startStop-1] org.apache.catalina.startup.HostConfig.deployDirectory Deployment of web application directory [/Users/h_vk/Documents/OpenSource/tomcat-8.5.73/webapps/docs] has finished in [363] ms
08-Mar-2022 11:23:32.479 INFO [localhost-startStop-1] org.apache.catalina.startup.HostConfig.deployDirectory Deploying web application directory [/Users/h_vk/Documents/OpenSource/tomcat-8.5.73/webapps/manager]
08-Mar-2022 11:23:32.559 INFO [localhost-startStop-1] org.apache.catalina.startup.HostConfig.deployDirectory Deployment of web application directory [/Users/h_vk/Documents/OpenSource/tomcat-8.5.73/webapps/manager] has finished in [80] ms
08-Mar-2022 11:23:32.560 INFO [localhost-startStop-1] org.apache.catalina.startup.HostConfig.deployDirectory Deploying web application directory [/Users/h_vk/Documents/OpenSource/tomcat-8.5.73/webapps/examples]
08-Mar-2022 11:23:32.814 INFO [localhost-startStop-1] org.apache.jasper.servlet.TldScanner.scanJars At least one JAR was scanned for TLDs yet contained no TLDs. Enable debug logging for this logger for a complete list of JARs that were scanned but no TLDs were found in them. Skipping unneeded JARs during scanning can improve startup time and JSP compilation time.
08-Mar-2022 11:23:32.833 SEVERE [localhost-startStop-1] org.apache.catalina.core.StandardContext.startInternal One or more listeners failed to start. Full details will be found in the appropriate container log file
08-Mar-2022 11:23:32.836 SEVERE [localhost-startStop-1] org.apache.catalina.core.StandardContext.startInternal Context [/examples] startup failed due to previous errors
08-Mar-2022 11:23:32.845 INFO [localhost-startStop-1] org.apache.catalina.startup.HostConfig.deployDirectory Deployment of web application directory [/Users/h_vk/Documents/OpenSource/tomcat-8.5.73/webapps/examples] has finished in [286] ms
08-Mar-2022 11:23:32.846 INFO [localhost-startStop-1] org.apache.catalina.startup.HostConfig.deployDirectory Deploying web application directory [/Users/h_vk/Documents/OpenSource/tomcat-8.5.73/webapps/ROOT]
08-Mar-2022 11:23:32.927 INFO [localhost-startStop-1] org.apache.jasper.servlet.TldScanner.scanJars At least one JAR was scanned for TLDs yet contained no TLDs. Enable debug logging for this logger for a complete list of JARs that were scanned but no TLDs were found in them. Skipping unneeded JARs during scanning can improve startup time and JSP compilation time.
08-Mar-2022 11:23:32.930 INFO [localhost-startStop-1] org.apache.catalina.startup.HostConfig.deployDirectory Deployment of web application directory [/Users/h_vk/Documents/OpenSource/tomcat-8.5.73/webapps/ROOT] has finished in [84] ms
08-Mar-2022 11:23:32.931 INFO [localhost-startStop-1] org.apache.catalina.startup.HostConfig.deployDirectory Deploying web application directory [/Users/h_vk/Documents/OpenSource/tomcat-8.5.73/webapps/host-manager]
08-Mar-2022 11:23:32.984 INFO [localhost-startStop-1] org.apache.catalina.startup.HostConfig.deployDirectory Deployment of web application directory [/Users/h_vk/Documents/OpenSource/tomcat-8.5.73/webapps/host-manager] has finished in [54] ms
08-Mar-2022 11:23:32.986 INFO [main] org.apache.coyote.AbstractProtocol.start Starting ProtocolHandler ["http-nio-8080"]
08-Mar-2022 11:23:32.992 INFO [main] org.apache.catalina.startup.Catalina.start Server startup in 1031 ms
08-Mar-2022 11:23:42.064 INFO [Thread-4] org.apache.coyote.AbstractProtocol.pause Pausing ProtocolHandler ["http-nio-8080"]
08-Mar-2022 11:23:44.338 INFO [Thread-4] org.apache.catalina.core.StandardService.stopInternal Stopping service [Catalina]
08-Mar-2022 11:23:44.381 INFO [Thread-4] org.apache.coyote.AbstractProtocol.stop Stopping ProtocolHandler ["http-nio-8080"]
08-Mar-2022 11:23:46.624 INFO [Thread-4] org.apache.coyote.AbstractProtocol.destroy Destroying ProtocolHandler ["http-nio-8080"]
